Line 23: Class MSDataGridLib.DataGrid of control DataGrid1 was not a loaded control class.
Line 144: Class MSAdodcLib.Adodc of control Adodc1 was not a loaded control class.
Line 199: Class MSComCtl2.DTPicker of control BLNTUNGGAKAN was not a loaded control class.
Line 24: The property name Bindings in DataGrid1 is invalid.
Line 30: The property name _ExtentX in DataGrid1 is invalid.
Line 31: The property name _ExtentY in DataGrid1 is invalid.
Line 32: The property name _Version in DataGrid1 is invalid.
Line 33: The property name AllowUpdate in DataGrid1 is invalid.
Line 34: The property name HeadLines in DataGrid1 is invalid.
Line 35: The property name RowHeight in DataGrid1 is invalid.
Line 36: The property name FormatLocked in DataGrid1 is invalid.
Line 45: The property name HeadFont in DataGrid1 is invalid.
Line 55: The property name ColumnCount in DataGrid1 is invalid.
Line 68: The property name Column00 in DataGrid1 is invalid.
Line 81: The property name Column01 in DataGrid1 is invalid.
Line 94: The property name Column02 in DataGrid1 is invalid.
Line 107: The property name Column03 in DataGrid1 is invalid.
Line 120: The property name Column04 in DataGrid1 is invalid.
Line 121: The property name SplitCount in DataGrid1 is invalid.
Line 142: The property name Split0 in DataGrid1 is invalid.
Line 150: The property name _ExtentX in Adodc1 is invalid.
Line 151: The property name _ExtentY in Adodc1 is invalid.
Line 152: The property name ConnectMode in Adodc1 is invalid.
Line 153: The property name CursorLocation in Adodc1 is invalid.
Line 154: The property name IsolationLevel in Adodc1 is invalid.
Line 155: The property name ConnectionTimeout in Adodc1 is invalid.
Line 156: The property name CommandTimeout in Adodc1 is invalid.
Line 157: The property name CursorType in Adodc1 is invalid.
Line 158: The property name LockType in Adodc1 is invalid.
Line 159: The property name CommandType in Adodc1 is invalid.
Line 160: The property name CursorOptions in Adodc1 is invalid.
Line 161: The property name CacheSize in Adodc1 is invalid.
Line 162: The property name MaxRecords in Adodc1 is invalid.
Line 163: The property name BOFAction in Adodc1 is invalid.
Line 164: The property name EOFAction in Adodc1 is invalid.
Line 165: The property name ConnectStringType in Adodc1 is invalid.
Line 169: The property name Orientation in Adodc1 is invalid.
Line 171: The property name Connect in Adodc1 is invalid.
Line 172: The property name OLEDBString in Adodc1 is invalid.
Line 173: The property name OLEDBFile in Adodc1 is invalid.
Line 174: The property name DataSourceName in Adodc1 is invalid.
Line 175: The property name OtherAttributes in Adodc1 is invalid.
Line 176: The property name UserName in Adodc1 is invalid.
Line 177: The property name Password in Adodc1 is invalid.
Line 178: The property name RecordSource in Adodc1 is invalid.
Line 179: The property name Caption in Adodc1 is invalid.
Line 189: The property name _Version in Adodc1 is invalid.
Line 214: The property name _ExtentX in BLNTUNGGAKAN is invalid.
Line 215: The property name _ExtentY in BLNTUNGGAKAN is invalid.
Line 216: The property name _Version in BLNTUNGGAKAN is invalid.
Line 217: The property name Format in BLNTUNGGAKAN is invalid.
Line 218: The property name CurrentDate in BLNTUNGGAKAN is invalid.
