Line 103: Class MSDataGridLib.DataGrid of control DG was not a loaded control class.
Line 251: Class MSAdodcLib.Adodc of control ADO was not a loaded control class.
Line 104: The property name Bindings in DG is invalid.
Line 110: The property name _ExtentX in DG is invalid.
Line 111: The property name _ExtentY in DG is invalid.
Line 112: The property name _Version in DG is invalid.
Line 113: The property name AllowUpdate in DG is invalid.
Line 114: The property name HeadLines in DG is invalid.
Line 115: The property name RowHeight in DG is invalid.
Line 116: The property name FormatLocked in DG is invalid.
Line 125: The property name HeadFont in DG is invalid.
Line 135: The property name ColumnCount in DG is invalid.
Line 148: The property name Column00 in DG is invalid.
Line 161: The property name Column01 in DG is invalid.
Line 174: The property name Column02 in DG is invalid.
Line 187: The property name Column03 in DG is invalid.
Line 200: The property name Column04 in DG is invalid.
Line 213: The property name Column05 in DG is invalid.
Line 226: The property name Column06 in DG is invalid.
Line 227: The property name SplitCount in DG is invalid.
Line 249: The property name Split0 in DG is invalid.
Line 257: The property name _ExtentX in ADO is invalid.
Line 258: The property name _ExtentY in ADO is invalid.
Line 259: The property name ConnectMode in ADO is invalid.
Line 260: The property name CursorLocation in ADO is invalid.
Line 261: The property name IsolationLevel in ADO is invalid.
Line 262: The property name ConnectionTimeout in ADO is invalid.
Line 263: The property name CommandTimeout in ADO is invalid.
Line 264: The property name CursorType in ADO is invalid.
Line 265: The property name LockType in ADO is invalid.
Line 266: The property name CommandType in ADO is invalid.
Line 267: The property name CursorOptions in ADO is invalid.
Line 268: The property name CacheSize in ADO is invalid.
Line 269: The property name MaxRecords in ADO is invalid.
Line 270: The property name BOFAction in ADO is invalid.
Line 271: The property name EOFAction in ADO is invalid.
Line 272: The property name ConnectStringType in ADO is invalid.
Line 276: The property name Orientation in ADO is invalid.
Line 278: The property name Connect in ADO is invalid.
Line 279: The property name OLEDBString in ADO is invalid.
Line 280: The property name OLEDBFile in ADO is invalid.
Line 281: The property name DataSourceName in ADO is invalid.
Line 282: The property name OtherAttributes in ADO is invalid.
Line 283: The property name UserName in ADO is invalid.
Line 284: The property name Password in ADO is invalid.
Line 285: The property name RecordSource in ADO is invalid.
Line 286: The property name Caption in ADO is invalid.
Line 296: The property name _Version in ADO is invalid.
