Line 22: Class MSDataGridLib.DataGrid of control DataGrid1 was not a loaded control class.
Line 183: Class MSAdodcLib.Adodc of control Adodc1 was not a loaded control class.
Line 23: The property name Bindings in DataGrid1 is invalid.
Line 29: The property name _ExtentX in DataGrid1 is invalid.
Line 30: The property name _ExtentY in DataGrid1 is invalid.
Line 31: The property name _Version in DataGrid1 is invalid.
Line 32: The property name AllowUpdate in DataGrid1 is invalid.
Line 33: The property name HeadLines in DataGrid1 is invalid.
Line 34: The property name RowHeight in DataGrid1 is invalid.
Line 35: The property name FormatLocked in DataGrid1 is invalid.
Line 44: The property name HeadFont in DataGrid1 is invalid.
Line 54: The property name ColumnCount in DataGrid1 is invalid.
Line 67: The property name Column00 in DataGrid1 is invalid.
Line 80: The property name Column01 in DataGrid1 is invalid.
Line 93: The property name Column02 in DataGrid1 is invalid.
Line 106: The property name Column03 in DataGrid1 is invalid.
Line 119: The property name Column04 in DataGrid1 is invalid.
Line 132: The property name Column05 in DataGrid1 is invalid.
Line 145: The property name Column06 in DataGrid1 is invalid.
Line 146: The property name SplitCount in DataGrid1 is invalid.
Line 174: The property name Split0 in DataGrid1 is invalid.
Line 189: The property name _ExtentX in Adodc1 is invalid.
Line 190: The property name _ExtentY in Adodc1 is invalid.
Line 191: The property name ConnectMode in Adodc1 is invalid.
Line 192: The property name CursorLocation in Adodc1 is invalid.
Line 193: The property name IsolationLevel in Adodc1 is invalid.
Line 194: The property name ConnectionTimeout in Adodc1 is invalid.
Line 195: The property name CommandTimeout in Adodc1 is invalid.
Line 196: The property name CursorType in Adodc1 is invalid.
Line 197: The property name LockType in Adodc1 is invalid.
Line 198: The property name CommandType in Adodc1 is invalid.
Line 199: The property name CursorOptions in Adodc1 is invalid.
Line 200: The property name CacheSize in Adodc1 is invalid.
Line 201: The property name MaxRecords in Adodc1 is invalid.
Line 202: The property name BOFAction in Adodc1 is invalid.
Line 203: The property name EOFAction in Adodc1 is invalid.
Line 204: The property name ConnectStringType in Adodc1 is invalid.
Line 208: The property name Orientation in Adodc1 is invalid.
Line 210: The property name Connect in Adodc1 is invalid.
Line 211: The property name OLEDBString in Adodc1 is invalid.
Line 212: The property name OLEDBFile in Adodc1 is invalid.
Line 213: The property name DataSourceName in Adodc1 is invalid.
Line 214: The property name OtherAttributes in Adodc1 is invalid.
Line 215: The property name UserName in Adodc1 is invalid.
Line 216: The property name Password in Adodc1 is invalid.
Line 217: The property name RecordSource in Adodc1 is invalid.
Line 218: The property name Caption in Adodc1 is invalid.
Line 228: The property name _Version in Adodc1 is invalid.
