Line 51: Class MSDataGridLib.DataGrid of control DataGrid1 was not a loaded control class.
Line 205: Class MSAdodcLib.Adodc of control Adodc1 was not a loaded control class.
Line 52: The property name Bindings in DataGrid1 is invalid.
Line 58: The property name _ExtentX in DataGrid1 is invalid.
Line 59: The property name _ExtentY in DataGrid1 is invalid.
Line 60: The property name _Version in DataGrid1 is invalid.
Line 61: The property name AllowUpdate in DataGrid1 is invalid.
Line 62: The property name HeadLines in DataGrid1 is invalid.
Line 63: The property name RowHeight in DataGrid1 is invalid.
Line 64: The property name FormatLocked in DataGrid1 is invalid.
Line 73: The property name HeadFont in DataGrid1 is invalid.
Line 83: The property name ColumnCount in DataGrid1 is invalid.
Line 96: The property name Column00 in DataGrid1 is invalid.
Line 109: The property name Column01 in DataGrid1 is invalid.
Line 122: The property name Column02 in DataGrid1 is invalid.
Line 135: The property name Column03 in DataGrid1 is invalid.
Line 148: The property name Column04 in DataGrid1 is invalid.
Line 161: The property name Column05 in DataGrid1 is invalid.
Line 174: The property name Column06 in DataGrid1 is invalid.
Line 175: The property name SplitCount in DataGrid1 is invalid.
Line 203: The property name Split0 in DataGrid1 is invalid.
Line 211: The property name _ExtentX in Adodc1 is invalid.
Line 212: The property name _ExtentY in Adodc1 is invalid.
Line 213: The property name ConnectMode in Adodc1 is invalid.
Line 214: The property name CursorLocation in Adodc1 is invalid.
Line 215: The property name IsolationLevel in Adodc1 is invalid.
Line 216: The property name ConnectionTimeout in Adodc1 is invalid.
Line 217: The property name CommandTimeout in Adodc1 is invalid.
Line 218: The property name CursorType in Adodc1 is invalid.
Line 219: The property name LockType in Adodc1 is invalid.
Line 220: The property name CommandType in Adodc1 is invalid.
Line 221: The property name CursorOptions in Adodc1 is invalid.
Line 222: The property name CacheSize in Adodc1 is invalid.
Line 223: The property name MaxRecords in Adodc1 is invalid.
Line 224: The property name BOFAction in Adodc1 is invalid.
Line 225: The property name EOFAction in Adodc1 is invalid.
Line 226: The property name ConnectStringType in Adodc1 is invalid.
Line 230: The property name Orientation in Adodc1 is invalid.
Line 232: The property name Connect in Adodc1 is invalid.
Line 233: The property name OLEDBString in Adodc1 is invalid.
Line 234: The property name OLEDBFile in Adodc1 is invalid.
Line 235: The property name DataSourceName in Adodc1 is invalid.
Line 236: The property name OtherAttributes in Adodc1 is invalid.
Line 237: The property name UserName in Adodc1 is invalid.
Line 238: The property name Password in Adodc1 is invalid.
Line 239: The property name RecordSource in Adodc1 is invalid.
Line 240: The property name Caption in Adodc1 is invalid.
Line 250: The property name _Version in Adodc1 is invalid.
